[2019-03-04T19:41:25.178] [ERROR] cheese - { Error: connect ECONNREFUSED 127.0.0.1:8081
    at Object._errnoException (util.js:1024:11)
    at _exceptionWithHostPort (util.js:1046:20)
    at TCPConnectWrap.afterConnect [as oncomplete] (net.js:1182:14)
  code: 'ECONNREFUSED',
  errno: 'ECONNREFUSED',
  syscall: 'connect',
  address: '127.0.0.1',
  port: 8081,
  config: 
   { adapter: [Function: httpAdapter],
     transformRequest: { '0': [Function: transformRequest] },
     transformResponse: { '0': [Function: transformResponse] },
     timeout: 0,
     xsrfCookieName: 'XSRF-TOKEN',
     xsrfHeaderName: 'X-XSRF-TOKEN',
     maxContentLength: -1,
     validateStatus: [Function: validateStatus],
     headers: 
      { Accept: 'application/json, text/plain, */*',
        'User-Agent': 'axios/0.18.0' },
     baseURL: 'http://localhost:8081/',
     method: 'get',
     url: 'http://localhost:8081/users/1',
     data: undefined },
  request: 
   Writable {
     _writableState: 
      WritableState {
        objectMode: false,
        highWaterMark: 16384,
        finalCalled: false,
        needDrain: false,
        ending: false,
        ended: false,
        finished: false,
        destroyed: false,
        decodeStrings: true,
        defaultEncoding: 'utf8',
        length: 0,
        writing: false,
        corked: 0,
        sync: true,
        bufferProcessing: false,
        onwrite: [Function: bound onwrite],
        writecb: null,
        writelen: 0,
        bufferedRequest: null,
        lastBufferedRequest: null,
        pendingcb: 0,
        prefinished: false,
        errorEmitted: false,
        bufferedRequestCount: 0,
        corkedRequestsFree: [Object] },
     writable: true,
     domain: null,
     _events: 
      { response: [Function: handleResponse],
        error: [Function: handleRequestError] },
     _eventsCount: 2,
     _maxListeners: undefined,
     _options: 
      { protocol: 'http:',
        maxRedirects: 21,
        maxBodyLength: 10485760,
        path: '/users/1',
        method: 'get',
        headers: [Object],
        agent: undefined,
        auth: undefined,
        hostname: 'localhost',
        port: '8081',
        nativeProtocols: [Object],
        pathname: '/users/1' },
     _redirectCount: 0,
     _requestBodyLength: 0,
     _requestBodyBuffers: [],
     _onNativeResponse: [Function],
     _currentRequest: 
      ClientRequest {
        domain: null,
        _events: [Object],
        _eventsCount: 6,
        _maxListeners: undefined,
        output: [],
        outputEncodings: [],
        outputCallbacks: [],
        outputSize: 0,
        writable: true,
        _last: true,
        upgrading: false,
        chunkedEncoding: false,
        shouldKeepAlive: false,
        useChunkedEncodingByDefault: false,
        sendDate: false,
        _removedConnection: false,
        _removedContLen: false,
        _removedTE: false,
        _contentLength: 0,
        _hasBody: true,
        _trailer: '',
        finished: true,
        _headerSent: true,
        socket: [Object],
        connection: [Object],
        _header: 'GET /users/1 HTTP/1.1\r\nAccept: application/json, text/plain, */*\r\nUser-Agent: axios/0.18.0\r\nHost: localhost:8081\r\nConnection: close\r\n\r\n',
        _onPendingData: [Function: noopPendingOutput],
        agent: [Object],
        socketPath: undefined,
        timeout: undefined,
        method: 'GET',
        path: '/users/1',
        _ended: false,
        res: null,
        aborted: undefined,
        timeoutCb: null,
        upgradeOrConnect: false,
        parser: null,
        maxHeadersCount: null,
        _redirectable: [Circular],
        [Symbol(outHeadersKey)]: [Object] },
     _currentUrl: 'http://localhost:8081/users/1' },
  response: undefined }
[2019-03-04T19:46:52.794] [ERROR] cheese - { Error: connect ECONNREFUSED 127.0.0.1:8081
    at Object._errnoException (util.js:1024:11)
    at _exceptionWithHostPort (util.js:1046:20)
    at TCPConnectWrap.afterConnect [as oncomplete] (net.js:1182:14)
  code: 'ECONNREFUSED',
  errno: 'ECONNREFUSED',
  syscall: 'connect',
  address: '127.0.0.1',
  port: 8081,
  config: 
   { adapter: [Function: httpAdapter],
     transformRequest: { '0': [Function: transformRequest] },
     transformResponse: { '0': [Function: transformResponse] },
     timeout: 0,
     xsrfCookieName: 'XSRF-TOKEN',
     xsrfHeaderName: 'X-XSRF-TOKEN',
     maxContentLength: -1,
     validateStatus: [Function: validateStatus],
     headers: 
      { Accept: 'application/json, text/plain, */*',
        'User-Agent': 'axios/0.18.0' },
     baseURL: 'http://localhost:8081/',
     method: 'get',
     url: 'http://localhost:8081/users/1',
     data: undefined },
  request: 
   Writable {
     _writableState: 
      WritableState {
        objectMode: false,
        highWaterMark: 16384,
        finalCalled: false,
        needDrain: false,
        ending: false,
        ended: false,
        finished: false,
        destroyed: false,
        decodeStrings: true,
        defaultEncoding: 'utf8',
        length: 0,
        writing: false,
        corked: 0,
        sync: true,
        bufferProcessing: false,
        onwrite: [Function: bound onwrite],
        writecb: null,
        writelen: 0,
        bufferedRequest: null,
        lastBufferedRequest: null,
        pendingcb: 0,
        prefinished: false,
        errorEmitted: false,
        bufferedRequestCount: 0,
        corkedRequestsFree: [Object] },
     writable: true,
     domain: null,
     _events: 
      { response: [Function: handleResponse],
        error: [Function: handleRequestError] },
     _eventsCount: 2,
     _maxListeners: undefined,
     _options: 
      { protocol: 'http:',
        maxRedirects: 21,
        maxBodyLength: 10485760,
        path: '/users/1',
        method: 'get',
        headers: [Object],
        agent: undefined,
        auth: undefined,
        hostname: 'localhost',
        port: '8081',
        nativeProtocols: [Object],
        pathname: '/users/1' },
     _redirectCount: 0,
     _requestBodyLength: 0,
     _requestBodyBuffers: [],
     _onNativeResponse: [Function],
     _currentRequest: 
      ClientRequest {
        domain: null,
        _events: [Object],
        _eventsCount: 6,
        _maxListeners: undefined,
        output: [],
        outputEncodings: [],
        outputCallbacks: [],
        outputSize: 0,
        writable: true,
        _last: true,
        upgrading: false,
        chunkedEncoding: false,
        shouldKeepAlive: false,
        useChunkedEncodingByDefault: false,
        sendDate: false,
        _removedConnection: false,
        _removedContLen: false,
        _removedTE: false,
        _contentLength: 0,
        _hasBody: true,
        _trailer: '',
        finished: true,
        _headerSent: true,
        socket: [Object],
        connection: [Object],
        _header: 'GET /users/1 HTTP/1.1\r\nAccept: application/json, text/plain, */*\r\nUser-Agent: axios/0.18.0\r\nHost: localhost:8081\r\nConnection: close\r\n\r\n',
        _onPendingData: [Function: noopPendingOutput],
        agent: [Object],
        socketPath: undefined,
        timeout: undefined,
        method: 'GET',
        path: '/users/1',
        _ended: false,
        res: null,
        aborted: undefined,
        timeoutCb: null,
        upgradeOrConnect: false,
        parser: null,
        maxHeadersCount: null,
        _redirectable: [Circular],
        [Symbol(outHeadersKey)]: [Object] },
     _currentUrl: 'http://localhost:8081/users/1' },
  response: undefined }
[2019-03-04T19:46:59.901] [ERROR] cheese - { Error: connect ECONNREFUSED 127.0.0.1:8081
    at Object._errnoException (util.js:1024:11)
    at _exceptionWithHostPort (util.js:1046:20)
    at TCPConnectWrap.afterConnect [as oncomplete] (net.js:1182:14)
  code: 'ECONNREFUSED',
  errno: 'ECONNREFUSED',
  syscall: 'connect',
  address: '127.0.0.1',
  port: 8081,
  config: 
   { adapter: [Function: httpAdapter],
     transformRequest: { '0': [Function: transformRequest] },
     transformResponse: { '0': [Function: transformResponse] },
     timeout: 0,
     xsrfCookieName: 'XSRF-TOKEN',
     xsrfHeaderName: 'X-XSRF-TOKEN',
     maxContentLength: -1,
     validateStatus: [Function: validateStatus],
     headers: 
      { Accept: 'application/json, text/plain, */*',
        'User-Agent': 'axios/0.18.0' },
     baseURL: 'http://localhost:8081/',
     method: 'get',
     url: 'http://localhost:8081/users/1',
     data: undefined },
  request: 
   Writable {
     _writableState: 
      WritableState {
        objectMode: false,
        highWaterMark: 16384,
        finalCalled: false,
        needDrain: false,
        ending: false,
        ended: false,
        finished: false,
        destroyed: false,
        decodeStrings: true,
        defaultEncoding: 'utf8',
        length: 0,
        writing: false,
        corked: 0,
        sync: true,
        bufferProcessing: false,
        onwrite: [Function: bound onwrite],
        writecb: null,
        writelen: 0,
        bufferedRequest: null,
        lastBufferedRequest: null,
        pendingcb: 0,
        prefinished: false,
        errorEmitted: false,
        bufferedRequestCount: 0,
        corkedRequestsFree: [Object] },
     writable: true,
     domain: null,
     _events: 
      { response: [Function: handleResponse],
        error: [Function: handleRequestError] },
     _eventsCount: 2,
     _maxListeners: undefined,
     _options: 
      { protocol: 'http:',
        maxRedirects: 21,
        maxBodyLength: 10485760,
        path: '/users/1',
        method: 'get',
        headers: [Object],
        agent: undefined,
        auth: undefined,
        hostname: 'localhost',
        port: '8081',
        nativeProtocols: [Object],
        pathname: '/users/1' },
     _redirectCount: 0,
     _requestBodyLength: 0,
     _requestBodyBuffers: [],
     _onNativeResponse: [Function],
     _currentRequest: 
      ClientRequest {
        domain: null,
        _events: [Object],
        _eventsCount: 6,
        _maxListeners: undefined,
        output: [],
        outputEncodings: [],
        outputCallbacks: [],
        outputSize: 0,
        writable: true,
        _last: true,
        upgrading: false,
        chunkedEncoding: false,
        shouldKeepAlive: false,
        useChunkedEncodingByDefault: false,
        sendDate: false,
        _removedConnection: false,
        _removedContLen: false,
        _removedTE: false,
        _contentLength: 0,
        _hasBody: true,
        _trailer: '',
        finished: true,
        _headerSent: true,
        socket: [Object],
        connection: [Object],
        _header: 'GET /users/1 HTTP/1.1\r\nAccept: application/json, text/plain, */*\r\nUser-Agent: axios/0.18.0\r\nHost: localhost:8081\r\nConnection: close\r\n\r\n',
        _onPendingData: [Function: noopPendingOutput],
        agent: [Object],
        socketPath: undefined,
        timeout: undefined,
        method: 'GET',
        path: '/users/1',
        _ended: false,
        res: null,
        aborted: undefined,
        timeoutCb: null,
        upgradeOrConnect: false,
        parser: null,
        maxHeadersCount: null,
        _redirectable: [Circular],
        [Symbol(outHeadersKey)]: [Object] },
     _currentUrl: 'http://localhost:8081/users/1' },
  response: undefined }
[2019-03-04T19:48:04.518] [ERROR] cheese - { Error: connect ECONNREFUSED 127.0.0.1:8081
    at Object._errnoException (util.js:1024:11)
    at _exceptionWithHostPort (util.js:1046:20)
    at TCPConnectWrap.afterConnect [as oncomplete] (net.js:1182:14)
  code: 'ECONNREFUSED',
  errno: 'ECONNREFUSED',
  syscall: 'connect',
  address: '127.0.0.1',
  port: 8081,
  config: 
   { adapter: [Function: httpAdapter],
     transformRequest: { '0': [Function: transformRequest] },
     transformResponse: { '0': [Function: transformResponse] },
     timeout: 0,
     xsrfCookieName: 'XSRF-TOKEN',
     xsrfHeaderName: 'X-XSRF-TOKEN',
     maxContentLength: -1,
     validateStatus: [Function: validateStatus],
     headers: 
      { Accept: 'application/json, text/plain, */*',
        'User-Agent': 'axios/0.18.0' },
     baseURL: 'http://localhost:8081/',
     method: 'get',
     url: 'http://localhost:8081/users/1',
     data: undefined },
  request: 
   Writable {
     _writableState: 
      WritableState {
        objectMode: false,
        highWaterMark: 16384,
        finalCalled: false,
        needDrain: false,
        ending: false,
        ended: false,
        finished: false,
        destroyed: false,
        decodeStrings: true,
        defaultEncoding: 'utf8',
        length: 0,
        writing: false,
        corked: 0,
        sync: true,
        bufferProcessing: false,
        onwrite: [Function: bound onwrite],
        writecb: null,
        writelen: 0,
        bufferedRequest: null,
        lastBufferedRequest: null,
        pendingcb: 0,
        prefinished: false,
        errorEmitted: false,
        bufferedRequestCount: 0,
        corkedRequestsFree: [Object] },
     writable: true,
     domain: null,
     _events: 
      { response: [Function: handleResponse],
        error: [Function: handleRequestError] },
     _eventsCount: 2,
     _maxListeners: undefined,
     _options: 
      { protocol: 'http:',
        maxRedirects: 21,
        maxBodyLength: 10485760,
        path: '/users/1',
        method: 'get',
        headers: [Object],
        agent: undefined,
        auth: undefined,
        hostname: 'localhost',
        port: '8081',
        nativeProtocols: [Object],
        pathname: '/users/1' },
     _redirectCount: 0,
     _requestBodyLength: 0,
     _requestBodyBuffers: [],
     _onNativeResponse: [Function],
     _currentRequest: 
      ClientRequest {
        domain: null,
        _events: [Object],
        _eventsCount: 6,
        _maxListeners: undefined,
        output: [],
        outputEncodings: [],
        outputCallbacks: [],
        outputSize: 0,
        writable: true,
        _last: true,
        upgrading: false,
        chunkedEncoding: false,
        shouldKeepAlive: false,
        useChunkedEncodingByDefault: false,
        sendDate: false,
        _removedConnection: false,
        _removedContLen: false,
        _removedTE: false,
        _contentLength: 0,
        _hasBody: true,
        _trailer: '',
        finished: true,
        _headerSent: true,
        socket: [Object],
        connection: [Object],
        _header: 'GET /users/1 HTTP/1.1\r\nAccept: application/json, text/plain, */*\r\nUser-Agent: axios/0.18.0\r\nHost: localhost:8081\r\nConnection: close\r\n\r\n',
        _onPendingData: [Function: noopPendingOutput],
        agent: [Object],
        socketPath: undefined,
        timeout: undefined,
        method: 'GET',
        path: '/users/1',
        _ended: false,
        res: null,
        aborted: undefined,
        timeoutCb: null,
        upgradeOrConnect: false,
        parser: null,
        maxHeadersCount: null,
        _redirectable: [Circular],
        [Symbol(outHeadersKey)]: [Object] },
     _currentUrl: 'http://localhost:8081/users/1' },
  response: undefined }
